<?xml version="1.0" encoding="UTF-8"?>
<!-- Generated by org.testng.reporters.JUnitReportReporter -->
<testsuite skipped="0" hostname="ushas-MacBook-Air.local" name="cucumberTest.testMul.TestMulExecution" tests="1" failures="0" timestamp="13 May 2017 19:08:37 GMT" time="8.697" errors="0">
  <testcase name="feature" time="8.697" classname="cucumberTest.testMul.TestMulExecution"/>
</testsuite> <!-- cucumberTest.testMul.TestMulExecution -->
