<?xml version="1.0" encoding="UTF-8"?>
<!-- Generated by org.testng.reporters.JUnitReportReporter -->
<testsuite skipped="0" hostname="ushas-MacBook-Air.local" name="cucumberTest.testSum.TestSumExecution" tests="1" failures="0" timestamp="13 May 2017 19:08:37 GMT" time="9.071" errors="0">
  <testcase name="feature" time="9.071" classname="cucumberTest.testSum.TestSumExecution"/>
</testsuite> <!-- cucumberTest.testSum.TestSumExecution -->
